<?xml version="1.0" encoding="UTF-8"?>
<!-- Generated by org.testng.reporters.JUnitXMLReporter -->
<testsuite ignored="0" hostname="YDL" failures="1" tests="12" name="Default test" time="13.177" errors="0" timestamp="2026-03-01T14:14:31 IST">
  <testcase classname="members_data.membersdata2" name="clientrep" time="0.083"/>
  <testcase classname="members_data.membersdata2" name="mobilevalidation3" time="0.2"/>
  <testcase classname="members_data.membersdata2" name="mobilevalidation3" time="0.218"/>
  <testcase classname="members_data.membersdata2" name="mobilevalidation3" time="0.189"/>
  <testcase classname="members_data.membersdata2" name="mobilevalidation3" time="0.151"/>
  <testcase classname="members_data.membersdata2" name="mobilevalidation3" time="0.164"/>
  <testcase classname="members_data.membersdata2" name="mobilevalidation3" time="0.172"/>
  <testcase classname="members_data.membersdata2" name="mobilevalidation4" time="0.185"/>
  <testcase classname="members_data.membersdata2" name="gender" time="0.112"/>
  <testcase classname="members_data.membersdata2" name="firstnamevalidation" time="0.092"/>
  <testcase classname="members_data.membersdata2" name="lastnamevalidation" time="0.886">
    <failure type="java.lang.AssertionError" message="BUG: Last Name field is NOT mandatory but it SHOULD be mandatory">
      <![CDATA[java.lang.AssertionError: BUG: Last Name field is NOT mandatory but it SHOULD be mandatory
at org.testng.Assert.fail(Assert.java:111)
at members_data.membersdata2.checkMandatoryField(membersdata2.java:95)
at members_data.membersdata2.lastnamevalidation(membersdata2.java:148)
at java.base/jdk.internal.reflect.DirectMethodHandleAccessor.invoke(DirectMethodHandleAccessor.java:103)
at java.base/java.lang.reflect.Method.invoke(Method.java:580)
at org.testng.internal.invokers.MethodInvocationHelper.invokeMethod(MethodInvocationHelper.java:141)
at org.testng.internal.invokers.TestInvoker.invokeMethod(TestInvoker.java:687)
at org.testng.internal.invokers.TestInvoker.invokeTestMethod(TestInvoker.java:230)
at org.testng.internal.invokers.MethodRunner.runInSequence(MethodRunner.java:63)
at org.testng.internal.invokers.TestInvoker$MethodInvocationAgent.invoke(TestInvoker.java:995)
at org.testng.internal.invokers.TestInvoker.invokeTestMethods(TestInvoker.java:203)
at org.testng.internal.invokers.TestMethodWorker.invokeTestMethods(TestMethodWorker.java:154)
at org.testng.internal.invokers.TestMethodWorker.run(TestMethodWorker.java:134)
at java.base/java.util.ArrayList.forEach(ArrayList.java:1597)
at org.testng.TestRunner.privateRun(TestRunner.java:741)
at org.testng.TestRunner.run(TestRunner.java:616)
at org.testng.SuiteRunner.runTest(SuiteRunner.java:421)
at org.testng.SuiteRunner.runSequentially(SuiteRunner.java:413)
at org.testng.SuiteRunner.privateRun(SuiteRunner.java:373)
at org.testng.SuiteRunner.run(SuiteRunner.java:312)
at org.testng.SuiteRunnerWorker.runSuite(SuiteRunnerWorker.java:52)
at org.testng.SuiteRunnerWorker.run(SuiteRunnerWorker.java:95)
at org.testng.TestNG.runSuitesSequentially(TestNG.java:1274)
at org.testng.TestNG.runSuitesLocally(TestNG.java:1208)
at org.testng.TestNG.runSuites(TestNG.java:1112)
at org.testng.TestNG.run(TestNG.java:1079)
at org.testng.remote.AbstractRemoteTestNG.run(AbstractRemoteTestNG.java:115)
at org.testng.remote.RemoteTestNG.initAndRun(RemoteTestNG.java:293)
at org.testng.remote.RemoteTestNG.main(RemoteTestNG.java:91)
]]>
    </failure>
  </testcase> <!-- lastnamevalidation -->
  <testcase classname="members_data.membersdata2" name="mobilenumber" time="0.148"/>
</testsuite> <!-- Default test -->
