<?xml version="1.0" encoding="UTF-8"?>
<!-- Generated by org.testng.reporters.JUnitXMLReporter -->
<testsuite ignored="0" hostname="YDL" failures="1" tests="2" name="subanalysisTest" time="11.745" errors="0" timestamp="2026-02-16T16:00:24 IST">
  <testcase classname="ydl_test.Subscription_Analysis" name="app" time="7.636">
    <failure type="java.lang.NumberFormatException" message="For input string: &amp;quot;$ 45000.00&amp;quot;">
      <![CDATA[java.lang.NumberFormatException: For input string: "$ 45000.00"
at java.base/jdk.internal.math.FloatingDecimal.readJavaFormatString(FloatingDecimal.java:2054)
at java.base/jdk.internal.math.FloatingDecimal.parseDouble(FloatingDecimal.java:110)
at java.base/java.lang.Double.parseDouble(Double.java:944)
at ydl_test.Subanalysistest.monthlysub(Subanalysistest.java:64)
at ydl_test.Subscription_Analysis.app(Subscription_Analysis.java:16)
at java.base/java.util.ArrayList.forEach(ArrayList.java:1597)
... Removed 25 stack frames]]>
    </failure>
  </testcase> <!-- app -->
  <testcase classname="seleniumtest.LoginTest" name="loginTest" time="1.948"/>
</testsuite> <!-- subanalysisTest -->
