<?xml version="1.0" encoding="UTF-8"?>
<!-- Generated by org.testng.reporters.JUnitXMLReporter -->
<testsuite ignored="0" hostname="YDL" failures="1" tests="12" name="Test" time="8.814" errors="0" timestamp="2026-03-01T14:15:56 IST">
  <testcase classname="members_data.membersdata2" name="clientrep" time="0.086"/>
  <testcase classname="members_data.membersdata2" name="mobilevalidation3" time="0.18"/>
  <testcase classname="members_data.membersdata2" name="mobilevalidation3" time="0.233"/>
  <testcase classname="members_data.membersdata2" name="mobilevalidation3" time="0.201"/>
  <testcase classname="members_data.membersdata2" name="mobilevalidation3" time="0.168"/>
  <testcase classname="members_data.membersdata2" name="mobilevalidation3" time="0.155"/>
  <testcase classname="members_data.membersdata2" name="mobilevalidation3" time="0.184"/>
  <testcase classname="members_data.membersdata2" name="mobilevalidation4" time="0.216"/>
  <testcase classname="members_data.membersdata2" name="gender" time="0.145"/>
  <testcase classname="members_data.membersdata2" name="firstnamevalidation" time="0.085"/>
  <testcase classname="members_data.membersdata2" name="lastnamevalidation" time="0.917">
    <failure type="java.lang.AssertionError" message="BUG: Last Name field is NOT mandatory but it SHOULD be mandatory">
      <![CDATA[java.lang.AssertionError: BUG: Last Name field is NOT mandatory but it SHOULD be mandatory
at members_data.membersdata2.checkMandatoryField(membersdata2.java:95)
at members_data.membersdata2.lastnamevalidation(membersdata2.java:148)
at java.base/java.util.ArrayList.forEach(ArrayList.java:1597)
... Removed 26 stack frames]]>
    </failure>
  </testcase> <!-- lastnamevalidation -->
  <testcase classname="members_data.membersdata2" name="mobilenumber" time="0.141"/>
</testsuite> <!-- Test -->
